#
# A fatal error has been detected by the Java Runtime Environment:
#
#  SIGSEGV (0xb) at pc=0x000000010ba740f4, pid=2174, tid=0x0000000000000307
#
# JRE version: OpenJDK Runtime Environment (8.0_302-b08) (build 1.8.0_302-b08)
# Java VM: OpenJDK 64-Bit Server VM (25.302-b08 mixed mode bsd-amd64 compressed oops)
# Problematic frame:
# C  [liblwjgl.dylib+0x20f4]
[error occurred during error reporting (printing problematic frame), id 0xe0000000]

# Failed to write core dump. Core dumps have been disabled. To enable core dumping, try "ulimit -c unlimited" before starting Java again
#
# If you would like to submit a bug report, please visit:
#   https://github.com/adoptium/adoptium-support/issues
# The crash happened outside the Java Virtual Machine in native code.
# See problematic frame for where to report the bug.
#

---------------  T H R E A D  ---------------

Current thread (0x00007f89e9809000):  JavaThread "main" [_thread_in_native, id=775, stack(0x00007ffee6706000,0x00007ffee6f06000)]

siginfo: si_signo: 11 (SIGSEGV), si_code: 1 (SEGV_MAPERR), si_addr: 0x000000010bc62020

Registers:
RAX=0x000000010ba8e4d0, RBX=0x000000012752ae08, RCX=0x0000000000000028, RDX=0x000000010bc62000
RSP=0x00007ffee6f00180, RBP=0x00007ffee6f00180, RSI=0x00007ffee6f001f8, RDI=0x000000010bc62000
R8 =0x0000000000000000, R9 =0x0000000000000000, R10=0x00000001100183db, R11=0x00000001092179cf
R12=0x0000000000000000, R13=0x000000012752ae08, R14=0x00007ffee6f00210, R15=0x00007f89e9809000
RIP=0x000000010ba740f4, EFLAGS=0x0000000000010212, ERR=0x0000000000000004
  TRAPNO=0x000000000000000e

Top of Stack: (sp=0x00007ffee6f00180)
0x00007ffee6f00180:   00007ffee6f001e8 0000000110018407
0x00007ffee6f00190:   00007ffee6f001d0 00007ffee6f001d0
0x00007ffee6f001a0:   00007ffee6f001c0 00007ffee6f001a8
0x00007ffee6f001b0:   0000000000000000 00007ffee6f00210
0x00007ffee6f001c0:   000000012752c6d0 0000000000000000
0x00007ffee6f001d0:   000000012752ae08 0000000000000000
0x00007ffee6f001e0:   00007ffee6f00208 00007ffee6f00258
0x00007ffee6f001f0:   0000000110007b10 000000076b7d8c88
0x00007ffee6f00200:   0000000110011a57 000000010bc62000
0x00007ffee6f00210:   0000000000000001 00007ffee6f00218
0x00007ffee6f00220:   000000012752aeac 00007ffee6f00270
0x00007ffee6f00230:   000000012752c6d0 0000000000000000
0x00007ffee6f00240:   000000012752aed8 00007ffee6f00208
0x00007ffee6f00250:   00007ffee6f00268 00007ffee6f002b8
0x00007ffee6f00260:   0000000110007b10 000000010bc62000
0x00007ffee6f00270:   0000000000000000 00007ffee6f00278
0x00007ffee6f00280:   0000000127412bc4 00007ffee6f002d0
0x00007ffee6f00290:   000000012742d968 0000000000000000
0x00007ffee6f002a0:   0000000127412be8 00007ffee6f00268
0x00007ffee6f002b0:   00007ffee6f002c8 00007ffee6f00318
0x00007ffee6f002c0:   0000000110007ffd 000000010bc62000
0x00007ffee6f002d0:   000000076c03b440 00007ffee6f002d8
0x00007ffee6f002e0:   00000001277a6585 00007ffee6f00368
0x00007ffee6f002f0:   00000001277a6670 0000000000000000
0x00007ffee6f00300:   00000001277a65d0 00007ffee6f002c8
0x00007ffee6f00310:   00007ffee6f00360 00007ffee6f003b0
0x00007ffee6f00320:   0000000110007ffd 000000010bc62000
0x00007ffee6f00330:   0000000000000000 000000010bab5cc0
0x00007ffee6f00340:   0000000000000000 0000000000000009
0x00007ffee6f00350:   0000000000000011 000000076c03b440
0x00007ffee6f00360:   00007f89e8849c40 000000076afcf978
0x00007ffee6f00370:   00007ffee6f00370 0000000127403e8c 

Instructions: (pc=0x000000010ba740f4)
0x000000010ba740d4:   c4 10 5b 41 5e 5d c3 0f 1f 44 00 00 55 48 89 e5
0x000000010ba740e4:   be 28 00 00 00 5d e9 c1 fc ff ff 90 55 48 89 e5
0x000000010ba740f4:   48 8b 47 20 5d c3 90 90 90 90 90 90 55 48 89 e5
0x000000010ba74104:   be 0a 00 00 00 5d e9 7b b9 01 00 90 55 48 89 e5 

Register to memory mapping:

RAX=0x000000010ba8e4d0: <offset 0x1c4d0> in /private/var/folders/3z/kp0c6jx92j77bhr15z_20wkh0000gn/T/lwjglroyallams/3.2.3-build-13/liblwjgl.dylib at 0x000000010ba72000
RBX={method} {0x000000012752ae08} 'ndcbGetUserData' '(J)J' in 'org/lwjgl/system/dyncall/DynCallback'
RCX=0x0000000000000028 is an unknown value
RDX=0x000000010bc62000 is an unknown value
RSP=0x00007ffee6f00180 is pointing into the stack for thread: 0x00007f89e9809000
RBP=0x00007ffee6f00180 is pointing into the stack for thread: 0x00007f89e9809000
RSI=0x00007ffee6f001f8 is pointing into the stack for thread: 0x00007f89e9809000
RDI=0x000000010bc62000 is an unknown value
R8 =0x0000000000000000 is an unknown value
R9 =0x0000000000000000 is an unknown value
R10=0x00000001100183db is at code_begin+859 in an Interpreter codelet
method entry point (kind = native)  [0x0000000110018080, 0x0000000110018a00]  2432 bytes
R11=0x00000001092179cf: throw_unsatisfied_link_error+0 in /Library/Java/JavaVirtualMachines/temurin-8.jdk/Contents/Home/jre/lib/server/libjvm.dylib at 0x0000000108d2c000
R12=0x0000000000000000 is an unknown value
R13={method} {0x000000012752ae08} 'ndcbGetUserData' '(J)J' in 'org/lwjgl/system/dyncall/DynCallback'
R14=0x00007ffee6f00210 is pointing into the stack for thread: 0x00007f89e9809000
R15=0x00007f89e9809000 is a thread


Stack: [0x00007ffee6706000,0x00007ffee6f06000],  sp=0x00007ffee6f00180,  free space=8168k
Native frames: (J=compiled Java code, j=interpreted, Vv=VM code, C=native code)
C  [liblwjgl.dylib+0x20f4]
[error occurred during error reporting (printing native stack), id 0xe0000000]

Java frames: (J=compiled Java code, j=interpreted, Vv=VM code)
j  org.lwjgl.system.dyncall.DynCallback.ndcbGetUserData(J)J+0
j  org.lwjgl.system.dyncall.DynCallback.dcbGetUserData(J)J+12
j  org.lwjgl.system.Callback.free(J)V+12
j  org.lwjgl.glfw.Callbacks.glfwFreeCallbacks(J)V+165
j  RenderEngine.DisplayManager.run()V+44
j  EngineTester.MainGameStarts.main([Ljava/lang/String;)V+7
v  ~StubRoutines::call_stub

---------------  P R O C E S S  ---------------

Java Threads: ( => current thread )
  0x00007f89ea05c800 JavaThread "Attach Listener" daemon [_thread_blocked, id=56847, stack(0x000070000f1c1000,0x000070000f2c1000)]
  0x00007f89ea036800 JavaThread "Service Thread" daemon [_thread_blocked, id=43267, stack(0x000070000edaf000,0x000070000eeaf000)]
  0x00007f89e8023800 JavaThread "C1 CompilerThread3" daemon [_thread_blocked, id=21763, stack(0x000070000ecac000,0x000070000edac000)]
  0x00007f89e8022800 JavaThread "C2 CompilerThread2" daemon [_thread_blocked, id=16899, stack(0x000070000eba9000,0x000070000eca9000)]
  0x00007f89e69a6800 JavaThread "C2 CompilerThread1" daemon [_thread_blocked, id=17411, stack(0x000070000eaa6000,0x000070000eba6000)]
  0x00007f89e78e8800 JavaThread "C2 CompilerThread0" daemon [_thread_blocked, id=16387, stack(0x000070000e9a3000,0x000070000eaa3000)]
  0x00007f89e9902000 JavaThread "Monitor Ctrl-Break" daemon [_thread_in_native, id=16131, stack(0x000070000e8a0000,0x000070000e9a0000)]
  0x00007f89e6836800 JavaThread "Signal Dispatcher" daemon [_thread_blocked, id=15619, stack(0x000070000e79d000,0x000070000e89d000)]
  0x00007f89e782f800 JavaThread "Finalizer" daemon [_thread_blocked, id=11523, stack(0x000070000e594000,0x000070000e694000)]
  0x00007f89e9015000 JavaThread "Reference Handler" daemon [_thread_blocked, id=18947, stack(0x000070000e491000,0x000070000e591000)]
=>0x00007f89e9809000 JavaThread "main" [_thread_in_native, id=775, stack(0x00007ffee6706000,0x00007ffee6f06000)]

Other Threads:
  0x00007f89e700c800 VMThread [stack: 0x000070000e38e000,0x000070000e48e000] [id=11267]
  0x00007f89ea037800 WatcherThread [stack: 0x000070000eeb2000,0x000070000efb2000] [id=22531]

VM state:not at safepoint (normal execution)

VM Mutex/Monitor currently owned by a thread: None

heap address: 0x00000006c0000000, size: 4096 MB, Compressed Oops mode: Zero based, Oop shift amount: 3
Narrow klass base: 0x0000000000000000, Narrow klass shift: 3
Compressed class space size: 1073741824 Address: 0x00000007c0000000

Heap:
 PSYoungGen      total 76288K, used 25094K [0x000000076ab00000, 0x0000000770000000, 0x00000007c0000000)
  eden space 65536K, 38% used [0x000000076ab00000,0x000000076c381a38,0x000000076eb00000)
  from space 10752K, 0% used [0x000000076f580000,0x000000076f580000,0x0000000770000000)
  to   space 10752K, 0% used [0x000000076eb00000,0x000000076eb00000,0x000000076f580000)
 ParOldGen       total 175104K, used 0K [0x00000006c0000000, 0x00000006cab00000, 0x000000076ab00000)
  object space 175104K, 0% used [0x00000006c0000000,0x00000006c0000000,0x00000006cab00000)
 Metaspace       used 8466K, capacity 8741K, committed 8832K, reserved 1056768K
  class space    used 751K, capacity 845K, committed 896K, reserved 1048576K

Card table byte_map: [0x0000000109fed000,0x000000010a7ee000] byte_map_base: 0x00000001069ed000

Marking Bits: (ParMarkBitMap*) 0x000000010943dec8
 Begin Bits: [0x000000011f000000, 0x0000000123000000)
 End Bits:   [0x0000000123000000, 0x0000000127000000)

Polling page: 0x0000000109baf000

CodeCache: size=245760Kb used=3026Kb max_used=3026Kb free=242733Kb
 bounds [0x0000000110000000, 0x0000000110300000, 0x000000011f000000]
 total_blobs=1581 nmethods=712 adapters=783
 compilation: enabled

Compilation events (10 events):
Event: 7.340 Thread 0x00007f89e8023800  705       3       RenderEngine.Renderer::render (102 bytes)
Event: 7.341 Thread 0x00007f89e8023800 nmethod 705 0x00000001102f0150 code [0x00000001102f0440, 0x00000001102f14b8]
Event: 7.341 Thread 0x00007f89e8023800  706       3       org.lwjgl.glfw.GLFW::glfwSwapBuffers (21 bytes)
Event: 7.341 Thread 0x00007f89e8023800 nmethod 706 0x00000001102f2090 code [0x00000001102f2220, 0x00000001102f24f8]
Event: 7.585 Thread 0x00007f89e8023800  707       3       org.lwjgl.system.dyncall.DynCallback::dcbArgDouble (16 bytes)
Event: 7.586 Thread 0x00007f89e8023800 nmethod 707 0x00000001102f2650 code [0x00000001102f27e0, 0x00000001102f2ab8]
Event: 9.470 Thread 0x00007f89e8023800  709       3       ToolSet.Maths::createTransformationMatrix (120 bytes)
Event: 9.471 Thread 0x00007f89e8023800 nmethod 709 0x00000001102f2f90 code [0x00000001102f3280, 0x00000001102f4068]
Event: 9.471 Thread 0x00007f89e8023800  710       3       org.lwjgl.util.vector.Matrix4f::scale (170 bytes)
Event: 9.472 Thread 0x00007f89e8023800 nmethod 710 0x00000001102f4a10 code [0x00000001102f4ba0, 0x00000001102f5008]

GC Heap History (0 events):
No events

Deoptimization events (0 events):
No events

Classes redefined (0 events):
No events

Internal exceptions (10 events):
Event: 0.276 Thread 0x00007f89e9809000 Exception <a 'java/security/PrivilegedActionException'> (0x000000076b48ef78) thrown at [/Users/jenkins/workspace/build-scripts/jobs/jdk8u/jdk8u-mac-x64-hotspot/workspace/build/src/hotspot/src/share/vm/prims/jvm.cpp, line 1523]
Event: 0.276 Thread 0x00007f89e9809000 Exception <a 'java/security/PrivilegedActionException'> (0x000000076b48f188) thrown at [/Users/jenkins/workspace/build-scripts/jobs/jdk8u/jdk8u-mac-x64-hotspot/workspace/build/src/hotspot/src/share/vm/prims/jvm.cpp, line 1523]
Event: 0.276 Thread 0x00007f89e9809000 Exception <a 'java/security/PrivilegedActionException'> (0x000000076b492390) thrown at [/Users/jenkins/workspace/build-scripts/jobs/jdk8u/jdk8u-mac-x64-hotspot/workspace/build/src/hotspot/src/share/vm/prims/jvm.cpp, line 1523]
Event: 0.276 Thread 0x00007f89e9809000 Exception <a 'java/security/PrivilegedActionException'> (0x000000076b4925a0) thrown at [/Users/jenkins/workspace/build-scripts/jobs/jdk8u/jdk8u-mac-x64-hotspot/workspace/build/src/hotspot/src/share/vm/prims/jvm.cpp, line 1523]
Event: 0.332 Thread 0x00007f89e9809000 Exception <a 'sun/nio/fs/UnixException'> (0x000000076b676988) thrown at [/Users/jenkins/workspace/build-scripts/jobs/jdk8u/jdk8u-mac-x64-hotspot/workspace/build/src/hotspot/src/share/vm/prims/jni.cpp, line 711]
Event: 0.365 Thread 0x00007f89e9809000 Exception <a 'sun/nio/fs/UnixException'> (0x000000076b7a43d8) thrown at [/Users/jenkins/workspace/build-scripts/jobs/jdk8u/jdk8u-mac-x64-hotspot/workspace/build/src/hotspot/src/share/vm/prims/jni.cpp, line 711]
Event: 0.380 Thread 0x00007f89e9809000 Exception <a 'sun/nio/fs/UnixException'> (0x000000076b84dd78) thrown at [/Users/jenkins/workspace/build-scripts/jobs/jdk8u/jdk8u-mac-x64-hotspot/workspace/build/src/hotspot/src/share/vm/prims/jni.cpp, line 711]
Event: 0.455 Thread 0x00007f89e9809000 Exception <a 'sun/nio/fs/UnixException'> (0x000000076b90bce8) thrown at [/Users/jenkins/workspace/build-scripts/jobs/jdk8u/jdk8u-mac-x64-hotspot/workspace/build/src/hotspot/src/share/vm/prims/jni.cpp, line 711]
Event: 0.590 Thread 0x00007f89e9809000 Exception <a 'sun/nio/fs/UnixException'> (0x000000076b994928) thrown at [/Users/jenkins/workspace/build-scripts/jobs/jdk8u/jdk8u-mac-x64-hotspot/workspace/build/src/hotspot/src/share/vm/prims/jni.cpp, line 711]
Event: 0.858 Thread 0x00007f89e9809000 Exception <a 'sun/nio/fs/UnixException'> (0x000000076bfc6ca8) thrown at [/Users/jenkins/workspace/build-scripts/jobs/jdk8u/jdk8u-mac-x64-hotspot/workspace/build/src/hotspot/src/share/vm/prims/jni.cpp, line 711]

Events (10 events):
Event: 1.143 loading class sun/util/resources/TimeZoneNames
Event: 1.144 loading class sun/util/resources/TimeZoneNamesBundle
Event: 1.144 loading class sun/util/resources/TimeZoneNamesBundle done
Event: 1.144 loading class sun/util/resources/TimeZoneNames done
Event: 1.144 loading class sun/util/resources/en/TimeZoneNames_en
Event: 1.144 loading class sun/util/resources/en/TimeZoneNames_en done
Event: 4.227 Executing VM operation: EnableBiasedLocking
Event: 4.227 Executing VM operation: EnableBiasedLocking done
Event: 9.813 loading class org/lwjgl/glfw/Callbacks
Event: 9.813 loading class org/lwjgl/glfw/Callbacks done


Dynamic libraries:
0x00007fff3521d000 	/System/Library/Frameworks/Cocoa.framework/Versions/A/Cocoa
0x00007fff22442000 	/System/Library/Frameworks/Security.framework/Versions/A/Security
0x00007fff3341a000 	/System/Library/Frameworks/ApplicationServices.framework/Versions/A/ApplicationServices
0x00007fff2a6cb000 	/usr/lib/libz.1.dylib
0x00007fff2a793000 	/usr/lib/libSystem.B.dylib
0x00007fff20608000 	/System/Library/Frameworks/CoreFoundation.framework/Versions/A/CoreFoundation
0x00007fff213b5000 	/System/Library/Frameworks/Foundation.framework/Versions/C/Foundation
0x00007fff20428000 	/usr/lib/libobjc.A.dylib
0x00007fff22e69000 	/System/Library/Frameworks/AppKit.framework/Versions/C/AppKit
0x00007fff25d01000 	/System/Library/Frameworks/CoreData.framework/Versions/A/CoreData
0x00007fff23bcc000 	/System/Library/PrivateFrameworks/UIFoundation.framework/Versions/A/UIFoundation
0x00007fff2fdf9000 	/System/Library/PrivateFrameworks/RemoteViewServices.framework/Versions/A/RemoteViewServices
0x00007fff28bf2000 	/System/Library/PrivateFrameworks/XCTTargetBootstrap.framework/Versions/A/XCTTargetBootstrap
0x00007fff2b8d3000 	/usr/lib/libspindump.dylib
0x00007fff23e21000 	/System/Library/Frameworks/UniformTypeIdentifiers.framework/Versions/A/UniformTypeIdentifiers
0x00007fff273c8000 	/usr/lib/libapp_launch_measurement.dylib
0x00007fff273cb000 	/System/Library/PrivateFrameworks/CoreAutoLayout.framework/Versions/A/CoreAutoLayout
0x00007fff28554000 	/System/Library/Frameworks/Metal.framework/Versions/A/Metal
0x00007fff29244000 	/usr/lib/liblangid.dylib
0x00007fff28bf6000 	/System/Library/PrivateFrameworks/CoreSVG.framework/Versions/A/CoreSVG
0x00007fff24e08000 	/System/Library/PrivateFrameworks/SkyLight.framework/Versions/A/SkyLight
0x00007fff2516f000 	/System/Library/Frameworks/CoreGraphics.framework/Versions/A/CoreGraphics
0x00007fff30450000 	/System/Library/Frameworks/Accelerate.framework/Versions/A/Accelerate
0x00007fff2b30e000 	/System/Library/PrivateFrameworks/IconServices.framework/Versions/A/IconServices
0x00007fff28539000 	/System/Library/Frameworks/IOSurface.framework/Versions/A/IOSurface
0x00007fff2668a000 	/usr/lib/libDiagnosticMessagesClient.dylib
0x00007fff28bde000 	/System/Library/PrivateFrameworks/DFRFoundation.framework/Versions/A/DFRFoundation
0x00007fff22794000 	/usr/lib/libicucore.A.dylib
0x00007fff2ce1a000 	/System/Library/Frameworks/AudioToolbox.framework/Versions/A/AudioToolbox
0x00007fff2c0bf000 	/System/Library/PrivateFrameworks/DataDetectorsCore.framework/Versions/A/DataDetectorsCore
0x00007fff288de000 	/System/Library/Frameworks/Carbon.framework/Versions/A/Frameworks/HIToolbox.framework/Versions/A/HIToolbox
0x00007fff26e23000 	/System/Library/Frameworks/QuartzCore.framework/Versions/A/QuartzCore
0x00007fff2fe35000 	/System/Library/Frameworks/Carbon.framework/Versions/A/Frameworks/SpeechRecognition.framework/Versions/A/SpeechRecognition
0x00007fff27130000 	/System/Library/PrivateFrameworks/CoreUI.framework/Versions/A/CoreUI
0x00007fff21d9d000 	/System/Library/Frameworks/CoreAudio.framework/Versions/A/CoreAudio
0x00007fff26775000 	/System/Library/Frameworks/DiskArbitration.framework/Versions/A/DiskArbitration
0x00007fff2bcce000 	/System/Library/PrivateFrameworks/MultitouchSupport.framework/Versions/A/MultitouchSupport
0x00007fff2c0b6000 	/System/Library/PrivateFrameworks/InternationalSupport.framework/Versions/A/InternationalSupport
0x00007fff24d7c000 	/usr/lib/libenergytrace.dylib
0x00007fff22d62000 	/System/Library/Frameworks/IOKit.framework/Versions/A/IOKit
0x00007fff30182000 	/System/Library/Frameworks/CoreServices.framework/Versions/A/CoreServices
0x00007fff2735e000 	/System/Library/PrivateFrameworks/PerformanceAnalysis.framework/Versions/A/PerformanceAnalysis
0x00007fff6caeb000 	/System/Library/Frameworks/OpenGL.framework/Versions/A/OpenGL
0x00007fff2c13b000 	/System/Library/PrivateFrameworks/UserActivity.framework/Versions/A/UserActivity
0x00007fff25803000 	/System/Library/Frameworks/ColorSync.framework/Versions/A/ColorSync
0x00007fff28e5b000 	/System/Library/Frameworks/CoreImage.framework/Versions/A/CoreImage
0x00007fff21bb4000 	/System/Library/Frameworks/CoreText.framework/Versions/A/CoreText
0x00007fff28c20000 	/System/Library/Frameworks/ImageIO.framework/Versions/A/ImageIO
0x00007fff2a799000 	/System/Library/PrivateFrameworks/SoftLinking.framework/Versions/A/SoftLinking
0x00007fff27414000 	/usr/lib/libxml2.2.dylib
0x00007fff204ed000 	/usr/lib/libc++.1.dylib
0x00007fff2aa0b000 	/usr/lib/libcompression.dylib
0x00007fff24d7d000 	/usr/lib/libMobileGestalt.dylib
0x00007fff2bfe9000 	/System/Library/PrivateFrameworks/TextureIO.framework/Versions/A/TextureIO
0x00007fff2b031000 	/usr/lib/libate.dylib
0x00007fff2a78d000 	/usr/lib/system/libcache.dylib
0x00007fff2a749000 	/usr/lib/system/libcommonCrypto.dylib
0x00007fff2a773000 	/usr/lib/system/libcompiler_rt.dylib
0x00007fff2a768000 	/usr/lib/system/libcopyfile.dylib
0x00007fff20316000 	/usr/lib/system/libcorecrypto.dylib
0x00007fff203e3000 	/usr/lib/system/libdispatch.dylib
0x00007fff20597000 	/usr/lib/system/libdyld.dylib
0x00007fff2a784000 	/usr/lib/system/libkeymgr.dylib
0x00007fff2dbcc000 	/usr/lib/system/liblaunch.dylib
0x00007fff2a727000 	/usr/lib/system/libmacho.dylib
0x00007fff29f41000 	/usr/lib/system/libquarantine.dylib
0x00007fff2a781000 	/usr/lib/system/libremovefile.dylib
0x00007fff24dd9000 	/usr/lib/system/libsystem_asl.dylib
0x00007fff202c6000 	/usr/lib/system/libsystem_blocks.dylib
0x00007fff20464000 	/usr/lib/system/libsystem_c.dylib
0x00007fff2a77b000 	/usr/lib/system/libsystem_collections.dylib
0x00007fff29235000 	/usr/lib/system/libsystem_configuration.dylib
0x00007fff28528000 	/usr/lib/system/libsystem_containermanager.dylib
0x00007fff2a4c3000 	/usr/lib/system/libsystem_coreservices.dylib
0x00007fff229f6000 	/usr/lib/system/libsystem_darwin.dylib
0x00007fff2a785000 	/usr/lib/system/libsystem_dnssd.dylib
0x00007fff20461000 	/usr/lib/system/libsystem_featureflags.dylib
0x00007fff205dc000 	/usr/lib/system/libsystem_info.dylib
0x00007fff2a6de000 	/usr/lib/system/libsystem_m.dylib
0x00007fff203b6000 	/usr/lib/system/libsystem_malloc.dylib
0x00007fff24d6d000 	/usr/lib/system/libsystem_networkextension.dylib
0x00007fff22e11000 	/usr/lib/system/libsystem_notify.dylib
0x00007fff30080000 	/usr/lib/system/libsystem_product_info_filter.dylib
0x00007fff29239000 	/usr/lib/system/libsystem_sandbox.dylib
0x00007fff2a77e000 	/usr/lib/system/libsystem_secinit.dylib
0x00007fff2055c000 	/usr/lib/system/libsystem_kernel.dylib
0x00007fff205d2000 	/usr/lib/system/libsystem_platform.dylib
0x00007fff2058b000 	/usr/lib/system/libsystem_pthread.dylib
0x00007fff264d8000 	/usr/lib/system/libsystem_symptoms.dylib
0x00007fff202fe000 	/usr/lib/system/libsystem_trace.dylib
0x00007fff2a755000 	/usr/lib/system/libunwind.dylib
0x00007fff202c8000 	/usr/lib/system/libxpc.dylib
0x00007fff20543000 	/usr/lib/libc++abi.dylib
0x00007fff2a760000 	/usr/lib/liboah.dylib
0x00007fff2ae16000 	/usr/lib/liblzma.5.dylib
0x00007fff210c9000 	/System/Library/Frameworks/SystemConfiguration.framework/Versions/A/SystemConfiguration
0x00007fff2a795000 	/usr/lib/libfakelink.dylib
0x00007fff248cf000 	/System/Library/Frameworks/CFNetwork.framework/Versions/A/CFNetwork
0x00007fff2a8d5000 	/usr/lib/libarchive.2.dylib
0x00007fff21147000 	/usr/lib/libCRFSuite.dylib
0x00007fff29f68000 	/usr/lib/libbsm.0.dylib
0x00007fff2428b000 	/usr/lib/libnetwork.dylib
0x00007fff2a79a000 	/usr/lib/libpcap.A.dylib
0x00007fff264d1000 	/usr/lib/libdns_services.dylib
0x00007fff2ae2f000 	/usr/lib/libcoretls_cfhelpers.dylib
0x00007fff2a9d9000 	/usr/lib/libapple_nghttp2.dylib
0x00007fff2a72d000 	/usr/lib/system/libkxld.dylib
0x00007fff26137000 	/usr/lib/libsqlite3.dylib
0x00007fff2a4a5000 	/System/Library/PrivateFrameworks/AppleFSCompression.framework/Versions/A/AppleFSCompression
0x00007fff29f50000 	/usr/lib/libcoretls.dylib
0x00007fff2aa06000 	/usr/lib/libpam.2.dylib
0x00007fff2af2c000 	/usr/lib/libxar.1.dylib
0x00007fff29240000 	/System/Library/PrivateFrameworks/AppleSystemInfo.framework/Versions/A/AppleSystemInfo
0x00007fff29b93000 	/System/Library/PrivateFrameworks/IOMobileFramebuffer.framework/Versions/A/IOMobileFramebuffer
0x00007fff2a4b5000 	/usr/lib/libbz2.1.0.dylib
0x00007fff2a7d2000 	/usr/lib/libiconv.2.dylib
0x00007fff2a726000 	/usr/lib/libcharset.1.dylib
0x00007fff2739a000 	/System/Library/Frameworks/CoreServices.framework/Versions/A/Frameworks/FSEvents.framework/Versions/A/FSEvents
0x00007fff22a00000 	/System/Library/Frameworks/CoreServices.framework/Versions/A/Frameworks/CarbonCore.framework/Versions/A/CarbonCore
0x00007fff266da000 	/System/Library/Frameworks/CoreServices.framework/Versions/A/Frameworks/Metadata.framework/Versions/A/Metadata
0x00007fff2a4c8000 	/System/Library/Frameworks/CoreServices.framework/Versions/A/Frameworks/OSServices.framework/Versions/A/OSServices
0x00007fff2a947000 	/System/Library/Frameworks/CoreServices.framework/Versions/A/Frameworks/SearchKit.framework/Versions/A/SearchKit
0x00007fff2645b000 	/System/Library/Frameworks/CoreServices.framework/Versions/A/Frameworks/AE.framework/Versions/A/AE
0x00007fff20aa4000 	/System/Library/Frameworks/CoreServices.framework/Versions/A/Frameworks/LaunchServices.framework/Versions/A/LaunchServices
0x00007fff2adc7000 	/System/Library/Frameworks/CoreServices.framework/Versions/A/Frameworks/DictionaryServices.framework/Versions/A/DictionaryServices
0x00007fff273a3000 	/System/Library/Frameworks/CoreServices.framework/Versions/A/Frameworks/SharedFileList.framework/Versions/A/SharedFileList
0x00007fff29f44000 	/usr/lib/libCheckFix.dylib
0x00007fff24df0000 	/System/Library/PrivateFrameworks/TCC.framework/Versions/A/TCC
0x00007fff29246000 	/System/Library/PrivateFrameworks/CoreNLP.framework/Versions/A/CoreNLP
0x00007fff2668d000 	/System/Library/PrivateFrameworks/MetadataUtilities.framework/Versions/A/MetadataUtilities
0x00007fff2117d000 	/usr/lib/libmecabra.dylib
0x00007fff2a257000 	/System/Library/Frameworks/MLCompute.framework/Versions/A/MLCompute
0x00007fff29f79000 	/usr/lib/libmecab.dylib
0x00007fff29fc3000 	/usr/lib/libgermantok.dylib
0x00007fff2a9af000 	/usr/lib/libThaiTokenizer.dylib
0x00007fff2af67000 	/usr/lib/libChineseTokenizer.dylib
0x00007fff2aa04000 	/System/Library/Frameworks/MetalPerformanceShaders.framework/Versions/A/MetalPerformanceShaders
0x00007fff2677c000 	/System/Library/Frameworks/Accelerate.framework/Versions/A/Frameworks/vImage.framework/Versions/A/vImage
0x00007fff3015b000 	/System/Library/Frameworks/Accelerate.framework/Versions/A/Frameworks/vecLib.framework/Versions/A/vecLib
0x00007fff2af72000 	/System/Library/Frameworks/Accelerate.framework/Versions/A/Frameworks/vecLib.framework/Versions/A/libvMisc.dylib
0x00007fff299ac000 	/System/Library/Frameworks/Accelerate.framework/Versions/A/Frameworks/vecLib.framework/Versions/A/libvDSP.dylib
0x00007fff20da8000 	/System/Library/Frameworks/Accelerate.framework/Versions/A/Frameworks/vecLib.framework/Versions/A/libBLAS.dylib
0x00007fff2aa2a000 	/System/Library/Frameworks/Accelerate.framework/Versions/A/Frameworks/vecLib.framework/Versions/A/libLAPACK.dylib
0x00007fff29fc9000 	/System/Library/Frameworks/Accelerate.framework/Versions/A/Frameworks/vecLib.framework/Versions/A/libLinearAlgebra.dylib
0x00007fff2a9f1000 	/System/Library/Frameworks/Accelerate.framework/Versions/A/Frameworks/vecLib.framework/Versions/A/libSparseBLAS.dylib
0x00007fff2aa24000 	/System/Library/Frameworks/Accelerate.framework/Versions/A/Frameworks/vecLib.framework/Versions/A/libQuadrature.dylib
0x00007fff292ee000 	/System/Library/Frameworks/Accelerate.framework/Versions/A/Frameworks/vecLib.framework/Versions/A/libBNNS.dylib
0x00007fff2105a000 	/System/Library/Frameworks/Accelerate.framework/Versions/A/Frameworks/vecLib.framework/Versions/A/libSparse.dylib
0x00007fff291d9000 	/System/Library/Frameworks/MetalPerformanceShaders.framework/Versions/A/Frameworks/MPSCore.framework/Versions/A/MPSCore
0x00007fff2a414000 	/System/Library/Frameworks/MetalPerformanceShaders.framework/Versions/A/Frameworks/MPSImage.framework/Versions/A/MPSImage
0x00007fff29fdf000 	/System/Library/Frameworks/MetalPerformanceShaders.framework/Versions/A/Frameworks/MPSNeuralNetwork.framework/Versions/A/MPSNeuralNetwork
0x00007fff2a39f000 	/System/Library/Frameworks/MetalPerformanceShaders.framework/Versions/A/Frameworks/MPSMatrix.framework/Versions/A/MPSMatrix
0x00007fff2a207000 	/System/Library/Frameworks/MetalPerformanceShaders.framework/Versions/A/Frameworks/MPSRayIntersector.framework/Versions/A/MPSRayIntersector
0x00007fff2a3d6000 	/System/Library/Frameworks/MetalPerformanceShaders.framework/Versions/A/Frameworks/MPSNDArray.framework/Versions/A/MPSNDArray
0x00007fff20cd4000 	/System/Library/PrivateFrameworks/MetalTools.framework/Versions/A/MetalTools
0x00007fff2923e000 	/System/Library/PrivateFrameworks/AggregateDictionary.framework/Versions/A/AggregateDictionary
0x00007fff26665000 	/System/Library/PrivateFrameworks/CoreAnalytics.framework/Versions/A/CoreAnalytics
0x00007fff2a9b1000 	/System/Library/PrivateFrameworks/AppleSauce.framework/Versions/A/AppleSauce
0x00007fff2854b000 	/System/Library/PrivateFrameworks/IOAccelerator.framework/Versions/A/IOAccelerator
0x00007fff6cadf000 	/System/Library/Frameworks/OpenGL.framework/Versions/A/Libraries/libCoreFSCache.dylib
0x00007fff21719000 	/System/Library/PrivateFrameworks/LanguageModeling.framework/Versions/A/LanguageModeling
0x00007fff29b80000 	/System/Library/PrivateFrameworks/CoreEmoji.framework/Versions/A/CoreEmoji
0x00007fff292e7000 	/System/Library/PrivateFrameworks/LinguisticData.framework/Versions/A/LinguisticData
0x00007fff2100c000 	/System/Library/PrivateFrameworks/Lexicon.framework/Versions/A/Lexicon
0x00007fff2a8c3000 	/usr/lib/libcmph.dylib
0x00007fff2737a000 	/System/Library/Frameworks/OpenDirectory.framework/Versions/A/Frameworks/CFOpenDirectory.framework/Versions/A/CFOpenDirectory
0x00007fff2736a000 	/System/Library/Frameworks/OpenDirectory.framework/Versions/A/OpenDirectory
0x00007fff2ae31000 	/System/Library/PrivateFrameworks/APFS.framework/Versions/A/APFS
0x00007fff29ea5000 	/System/Library/Frameworks/SecurityFoundation.framework/Versions/A/SecurityFoundation
0x00007fff2af3a000 	/usr/lib/libutil.dylib
0x00007fff22d27000 	/System/Library/PrivateFrameworks/CoreServicesStore.framework/Versions/A/CoreServicesStore
0x00007fff29f3c000 	/System/Library/Frameworks/ServiceManagement.framework/Versions/A/ServiceManagement
0x00007fff2af3e000 	/usr/lib/libxslt.1.dylib
0x00007fff29f32000 	/System/Library/PrivateFrameworks/BackgroundTaskManagement.framework/Versions/A/BackgroundTaskManagement
0x00007fff2bf33000 	/System/Library/Frameworks/ImageIO.framework/Versions/A/Resources/libRadiance.dylib
0x00007fff2bf3d000 	/System/Library/Frameworks/ImageIO.framework/Versions/A/Resources/libJPEG.dylib
0x00007fff2be88000 	/System/Library/Frameworks/ImageIO.framework/Versions/A/Resources/libPng.dylib
0x00007fff2beaf000 	/System/Library/Frameworks/ImageIO.framework/Versions/A/Resources/libTIFF.dylib
0x00007fff2bf92000 	/System/Library/Frameworks/ImageIO.framework/Versions/A/Resources/libGIF.dylib
0x00007fff2bbeb000 	/System/Library/Frameworks/ImageIO.framework/Versions/A/Resources/libJP2.dylib
0x00007fff2b2d5000 	/usr/lib/libexpat.1.dylib
0x00007fff2bba0000 	/System/Library/PrivateFrameworks/AppleJPEG.framework/Versions/A/AppleJPEG
0x00007fff28781000 	/System/Library/PrivateFrameworks/FontServices.framework/libFontParser.dylib
0x00007fff2640f000 	/System/Library/PrivateFrameworks/RunningBoardServices.framework/Versions/A/RunningBoardServices
0x00007fff2bcca000 	/System/Library/PrivateFrameworks/WatchdogClient.framework/Versions/A/WatchdogClient
0x00007fff21806000 	/System/Library/Frameworks/CoreDisplay.framework/Versions/A/CoreDisplay
0x00007fff28697000 	/System/Library/Frameworks/CoreMedia.framework/Versions/A/CoreMedia
0x00007fff274f7000 	/System/Library/Frameworks/CoreVideo.framework/Versions/A/CoreVideo
0x00007fff2bd02000 	/System/Library/Frameworks/VideoToolbox.framework/Versions/A/VideoToolbox
0x00007fff2638d000 	/System/Library/PrivateFrameworks/BaseBoard.framework/Versions/A/BaseBoard
0x00007fff2b41a000 	/System/Library/PrivateFrameworks/PersistentConnection.framework/Versions/A/PersistentConnection
0x00007fff26120000 	/System/Library/PrivateFrameworks/ProtocolBuffer.framework/Versions/A/ProtocolBuffer
0x00007fff26374000 	/System/Library/PrivateFrameworks/CommonUtilities.framework/Versions/A/CommonUtilities
0x00007fff2bb35000 	/System/Library/PrivateFrameworks/Bom.framework/Versions/A/Bom
0x00007fff2bf2c000 	/System/Library/PrivateFrameworks/GPUWrangler.framework/Versions/A/GPUWrangler
0x00007fff2bf0f000 	/System/Library/PrivateFrameworks/IOPresentment.framework/Versions/A/IOPresentment
0x00007fff2bf37000 	/System/Library/PrivateFrameworks/DSExternalDisplay.framework/Versions/A/DSExternalDisplay
0x00007fff2bf97000 	/System/Library/PrivateFrameworks/CMCaptureCore.framework/Versions/A/CMCaptureCore
0x00007fff2b8ba000 	/System/Library/PrivateFrameworks/AppServerSupport.framework/Versions/A/AppServerSupport
0x00007fff2d96b000 	/System/Library/PrivateFrameworks/perfdata.framework/Versions/A/perfdata
0x00007fff29e94000 	/System/Library/PrivateFrameworks/AssertionServices.framework/Versions/A/AssertionServices
0x00007fff2193d000 	/System/Library/PrivateFrameworks/AudioToolboxCore.framework/Versions/A/AudioToolboxCore
0x00007fff2867a000 	/System/Library/PrivateFrameworks/caulk.framework/Versions/A/caulk
0x00007fff3d616000 	/System/Library/PrivateFrameworks/SystemPolicy.framework/Versions/A/SystemPolicy
0x00007fff2b0ca000 	/usr/lib/libIOReport.dylib
0x00007fff2d18d000 	/usr/lib/libSMC.dylib
0x00007fff2be55000 	/usr/lib/libAudioToolboxUtility.dylib
0x00007fff3df80000 	/usr/lib/libmis.dylib
0x00007fff6cb3b000 	/System/Library/Frameworks/OpenGL.framework/Versions/A/Libraries/libGLU.dylib
0x00007fff6cafe000 	/System/Library/Frameworks/OpenGL.framework/Versions/A/Libraries/libGFXShared.dylib
0x00007fff6cd0d000 	/System/Library/Frameworks/OpenGL.framework/Versions/A/Libraries/libGL.dylib
0x00007fff6cb07000 	/System/Library/Frameworks/OpenGL.framework/Versions/A/Libraries/libGLImage.dylib
0x00007fff6cafb000 	/System/Library/Frameworks/OpenGL.framework/Versions/A/Libraries/libCVMSPluginSupport.dylib
0x00007fff6cae6000 	/System/Library/Frameworks/OpenGL.framework/Versions/A/Libraries/libCoreVMClient.dylib
0x00007fff6e14e000 	/System/Library/Frameworks/OpenCL.framework/Versions/A/OpenCL
0x00007fff2b444000 	/System/Library/PrivateFrameworks/GraphVisualizer.framework/Versions/A/GraphVisualizer
0x00007fff2b453000 	/System/Library/PrivateFrameworks/FaceCore.framework/Versions/A/FaceCore
0x00007fff2b86f000 	/System/Library/PrivateFrameworks/OTSVG.framework/Versions/A/OTSVG
0x00007fff270ee000 	/System/Library/Frameworks/ApplicationServices.framework/Versions/A/Frameworks/ATS.framework/Versions/A/Resources/libFontRegistry.dylib
0x00007fff2b8c1000 	/System/Library/PrivateFrameworks/FontServices.framework/libhvf.dylib
0x00007fff2b281000 	/System/Library/PrivateFrameworks/AppleVA.framework/Versions/A/AppleVA
0x00007fff2cfd6000 	/System/Library/Frameworks/ApplicationServices.framework/Versions/A/Frameworks/ATS.framework/Versions/A/ATS
0x00007fff2d2e8000 	/System/Library/Frameworks/ApplicationServices.framework/Versions/A/Frameworks/ColorSyncLegacy.framework/Versions/A/ColorSyncLegacy
0x00007fff258fa000 	/System/Library/Frameworks/ApplicationServices.framework/Versions/A/Frameworks/HIServices.framework/Versions/A/HIServices
0x00007fff2d2cd000 	/System/Library/Frameworks/ApplicationServices.framework/Versions/A/Frameworks/LangAnalysis.framework/Versions/A/LangAnalysis
0x00007fff2bfa1000 	/System/Library/Frameworks/ApplicationServices.framework/Versions/A/Frameworks/PrintCore.framework/Versions/A/PrintCore
0x00007fff2d2f0000 	/System/Library/Frameworks/ApplicationServices.framework/Versions/A/Frameworks/QD.framework/Versions/A/QD
0x00007fff2cfc6000 	/System/Library/Frameworks/ApplicationServices.framework/Versions/A/Frameworks/SpeechSynthesis.framework/Versions/A/SpeechSynthesis
0x00007fff2bf62000 	/System/Library/Frameworks/ApplicationServices.framework/Versions/A/Frameworks/ATSUI.framework/Versions/A/ATSUI
0x00007fff2d26d000 	/usr/lib/libcups.2.dylib
0x00007fff2d2dd000 	/System/Library/PrivateFrameworks/NetAuth.framework/Versions/A/NetAuth
0x00007fff2d987000 	/System/Library/Frameworks/Kerberos.framework/Versions/A/Kerberos
0x00007fff2d997000 	/System/Library/Frameworks/GSS.framework/Versions/A/GSS
0x00007fff2d042000 	/usr/lib/libresolv.9.dylib
0x00007fff2b8d6000 	/System/Library/PrivateFrameworks/Heimdal.framework/Versions/A/Heimdal
0x00007fff3371b000 	/System/Library/Frameworks/Kerberos.framework/Versions/A/Libraries/libHeimdalProxy.dylib
0x00007fff264e0000 	/System/Library/Frameworks/Network.framework/Versions/A/Network
0x00007fff2b2ef000 	/usr/lib/libheimdal-asn1.dylib
0x00007fff2d9e7000 	/System/Library/PrivateFrameworks/CommonAuth.framework/Versions/A/CommonAuth
0x00007fff27544000 	/System/Library/PrivateFrameworks/login.framework/Versions/A/Frameworks/loginsupport.framework/Versions/A/loginsupport
0x00007fff2cf4b000 	/System/Library/PrivateFrameworks/AudioSession.framework/Versions/A/AudioSession
0x00007fff2cfb3000 	/usr/lib/libAudioStatistics.dylib
0x00007fff2b37c000 	/System/Library/PrivateFrameworks/MediaExperience.framework/Versions/A/MediaExperience
0x00007fff2cde8000 	/System/Library/PrivateFrameworks/AudioSession.framework/libSessionUtility.dylib
0x00007fff2d978000 	/usr/lib/libperfcheck.dylib
0x00007fff2d2fc000 	/System/Library/PrivateFrameworks/AudioResourceArbitration.framework/Versions/A/AudioResourceArbitration
0x00007fff2b2f9000 	/System/Library/PrivateFrameworks/IconFoundation.framework/Versions/A/IconFoundation
0x00007fff2fe25000 	/System/Library/PrivateFrameworks/SpeechRecognitionCore.framework/Versions/A/SpeechRecognitionCore
0x0000000108d2c000 	/Library/Java/JavaVirtualMachines/temurin-8.jdk/Contents/Home/jre/lib/server/libjvm.dylib
0x0000000109b58000 	/Library/Java/JavaVirtualMachines/temurin-8.jdk/Contents/Home/jre/lib/libverify.dylib
0x0000000109b6a000 	/Library/Java/JavaVirtualMachines/temurin-8.jdk/Contents/Home/jre/lib/libjava.dylib
0x0000000109bb0000 	/Library/Java/JavaVirtualMachines/temurin-8.jdk/Contents/Home/jre/lib/libinstrument.dylib
0x0000000109c1e000 	/Library/Java/JavaVirtualMachines/temurin-8.jdk/Contents/Home/jre/lib/libzip.dylib
0x000000010ba32000 	/Library/Java/JavaVirtualMachines/temurin-8.jdk/Contents/Home/jre/lib/libnio.dylib
0x000000010ba4b000 	/Library/Java/JavaVirtualMachines/temurin-8.jdk/Contents/Home/jre/lib/libnet.dylib
0x000000010ba72000 	/private/var/folders/3z/kp0c6jx92j77bhr15z_20wkh0000gn/T/lwjglroyallams/3.2.3-build-13/liblwjgl.dylib
0x000000010bda8000 	/private/var/folders/3z/kp0c6jx92j77bhr15z_20wkh0000gn/T/lwjglroyallams/3.2.3-build-13/libjemalloc.dylib
0x000000010baaf000 	/private/var/folders/3z/kp0c6jx92j77bhr15z_20wkh0000gn/T/lwjglroyallams/3.2.3-build-13/libglfw.dylib
0x00007fff22ce8000 	/System/Library/PrivateFrameworks/CoreServicesInternal.framework/Versions/A/CoreServicesInternal
0x00007fff3130b000 	/System/Library/Frameworks/FileProvider.framework/Versions/A/FileProvider
0x00007fff262f7000 	/System/Library/Frameworks/Accounts.framework/Versions/A/Accounts
0x00007fff3142c000 	/System/Library/PrivateFrameworks/GenerationalStorage.framework/Versions/A/GenerationalStorage
0x00007fff31def000 	/System/Library/PrivateFrameworks/CoreSymbolication.framework/Versions/A/CoreSymbolication
0x00007fff30d2a000 	/System/Library/PrivateFrameworks/SymptomDiagnosticReporter.framework/Versions/A/SymptomDiagnosticReporter
0x00007fff2e630000 	/System/Library/PrivateFrameworks/AppContainer.framework/Versions/A/AppContainer
0x00007fff23e34000 	/System/Library/PrivateFrameworks/DesktopServicesPriv.framework/Versions/A/DesktopServicesPriv
0x00007fff22e1d000 	/usr/lib/libsandbox.1.dylib
0x00007fff27570000 	/System/Library/PrivateFrameworks/UserManagement.framework/Versions/A/UserManagement
0x00007fff29e71000 	/System/Library/PrivateFrameworks/MobileKeyBag.framework/Versions/A/MobileKeyBag
0x00007fff34785000 	/System/Library/PrivateFrameworks/ChunkingLibrary.framework/Versions/A/ChunkingLibrary
0x00007fff31db2000 	/System/Library/PrivateFrameworks/DebugSymbols.framework/Versions/A/DebugSymbols
0x00007fff2e645000 	/System/Library/PrivateFrameworks/SecCodeWrapper.framework/Versions/A/SecCodeWrapper
0x00007fff2b0d2000 	/System/Library/PrivateFrameworks/CrashReporterSupport.framework/Versions/A/CrashReporterSupport
0x00007fff48509000 	/System/Library/PrivateFrameworks/OSAnalytics.framework/Versions/A/OSAnalytics
0x00007fff78313000 	/usr/lib/libRosetta.dylib
0x00007fff33166000 	/System/Library/PrivateFrameworks/RemoteServiceDiscovery.framework/Versions/A/RemoteServiceDiscovery
0x00007fff524e0000 	/System/Library/PrivateFrameworks/Symbolication.framework/Versions/A/Symbolication
0x00007fff33176000 	/System/Library/PrivateFrameworks/RemoteXPC.framework/Versions/A/RemoteXPC
0x00007fff39681000 	/System/Library/PrivateFrameworks/OSAServicesClient.framework/Versions/A/OSAServicesClient
0x00007fff3df5f000 	/System/Library/PrivateFrameworks/MallocStackLogging.framework/Versions/A/MallocStackLogging
0x00007fff2e3c7000 	/System/Library/PrivateFrameworks/Sharing.framework/Versions/A/Sharing
0x00007fff32d43000 	/System/Library/PrivateFrameworks/Apple80211.framework/Versions/A/Apple80211
0x00007fff2a4f6000 	/System/Library/PrivateFrameworks/AuthKit.framework/Versions/A/AuthKit
0x00007fff29c71000 	/System/Library/PrivateFrameworks/CoreUtils.framework/Versions/A/CoreUtils
0x00007fff29b9e000 	/System/Library/Frameworks/CoreWLAN.framework/Versions/A/CoreWLAN
0x00007fff2e50f000 	/System/Library/Frameworks/IOBluetooth.framework/Versions/A/IOBluetooth
0x00007fff32da7000 	/System/Library/PrivateFrameworks/CoreWiFi.framework/Versions/A/CoreWiFi
0x00007fff2da6f000 	/System/Library/PrivateFrameworks/CorePhoneNumbers.framework/Versions/A/CorePhoneNumbers
0x00007fff30e32000 	/System/Library/PrivateFrameworks/DiskManagement.framework/Versions/A/DiskManagement
0x00007fff30d48000 	/System/Library/PrivateFrameworks/AppleIDAuthSupport.framework/Versions/A/AppleIDAuthSupport
0x00007fff2da4c000 	/System/Library/PrivateFrameworks/KeychainCircle.framework/Versions/A/KeychainCircle
0x00007fff30dfe000 	/System/Library/PrivateFrameworks/MediaKit.framework/Versions/A/MediaKit
0x00007fff30d55000 	/System/Library/Frameworks/DiscRecording.framework/Versions/A/DiscRecording
0x00007fff2b1f5000 	/usr/lib/libCoreStorage.dylib
0x00007fff331e1000 	/usr/lib/libcsfde.dylib
0x00007fff2e649000 	/System/Library/PrivateFrameworks/ProtectedCloudStorage.framework/Versions/A/ProtectedCloudStorage
0x00007fff331d9000 	/System/Library/PrivateFrameworks/EFILogin.framework/Versions/A/EFILogin
0x00007fff337ce000 	/System/Library/Frameworks/AudioUnit.framework/Versions/A/AudioUnit
0x00007fff30cc7000 	/System/Library/Frameworks/CoreBluetooth.framework/Versions/A/CoreBluetooth
0x00007fff2b1ed000 	/usr/lib/libMatch.1.dylib
0x000000010bc17000 	/usr/lib/libobjc-trampolines.dylib
0x00007fff27272000 	/System/Library/PrivateFrameworks/ViewBridge.framework/Versions/A/ViewBridge
0x00007fff41b8c000 	/System/Library/Frameworks/Accelerate.framework/Versions/A/Frameworks/vImage.framework/Versions/A/Libraries/libCGInterfaces.dylib
0x00007fff2b997000 	/System/Library/PrivateFrameworks/login.framework/Versions/A/login
0x00007fff6cd18000 	/System/Library/Frameworks/OpenGL.framework/Versions/A/Resources/GLEngine.bundle/GLEngine
0x00007fff6cb78000 	/System/Library/Frameworks/OpenGL.framework/Versions/A/Libraries/libGLProgrammability.dylib
0x00007fff66beb000 	/System/Library/Extensions/AppleIntelHD5000GraphicsGLDriver.bundle/Contents/MacOS/AppleIntelHD5000GraphicsGLDriver
0x00007fff46e9b000 	/System/Library/PrivateFrameworks/GPUSupport.framework/Versions/A/Libraries/libGPUSupportMercury.dylib
0x00007fff622d8000 	/System/Library/Extensions/GeForceGLDriver.bundle/Contents/MacOS/GeForceGLDriver
0x00007fff61c14000 	/System/Library/Extensions/GeForceGLDriver.bundle/Contents/MacOS/libclh.dylib
0x00007fff6ce94000 	/System/Library/Frameworks/OpenGL.framework/Versions/A/Resources/GLRendererFloat.bundle/GLRendererFloat
0x000000012dda6000 	/private/var/folders/3z/kp0c6jx92j77bhr15z_20wkh0000gn/T/lwjglroyallams/3.2.3-build-13/liblwjgl_opengl.dylib
0x000000012de4e000 	/private/var/folders/3z/kp0c6jx92j77bhr15z_20wkh0000gn/T/lwjglroyallams/3.2.3-build-13/liblwjgl_stb.dylib

VM Arguments:
jvm_args: -javaagent:/Applications/IntelliJ IDEA Edu.app/Contents/lib/idea_rt.jar=50621:/Applications/IntelliJ IDEA Edu.app/Contents/bin -Dfile.encoding=UTF-8 
java_command: EngineTester.MainGameStarts
java_class_path (initial): /Library/Java/JavaVirtualMachines/temurin-8.jdk/Contents/Home/jre/lib/charsets.jar:/Library/Java/JavaVirtualMachines/temurin-8.jdk/Contents/Home/jre/lib/ext/cldrdata.jar:/Library/Java/JavaVirtualMachines/temurin-8.jdk/Contents/Home/jre/lib/ext/dnsns.jar:/Library/Java/JavaVirtualMachines/temurin-8.jdk/Contents/Home/jre/lib/ext/jaccess.jar:/Library/Java/JavaVirtualMachines/temurin-8.jdk/Contents/Home/jre/lib/ext/localedata.jar:/Library/Java/JavaVirtualMachines/temurin-8.jdk/Contents/Home/jre/lib/ext/nashorn.jar:/Library/Java/JavaVirtualMachines/temurin-8.jdk/Contents/Home/jre/lib/ext/sunec.jar:/Library/Java/JavaVirtualMachines/temurin-8.jdk/Contents/Home/jre/lib/ext/sunjce_provider.jar:/Library/Java/JavaVirtualMachines/temurin-8.jdk/Contents/Home/jre/lib/ext/sunpkcs11.jar:/Library/Java/JavaVirtualMachines/temurin-8.jdk/Contents/Home/jre/lib/ext/zipfs.jar:/Library/Java/JavaVirtualMachines/temurin-8.jdk/Contents/Home/jre/lib/jce.jar:/Library/Java/JavaVirtualMachines/temurin-8.jdk/Contents/Home/jre/lib/jfr.jar:/Library/Java/JavaVirtualMachines/temurin-8.jdk/Contents/Home/jre/lib/jsse.jar:/Library/Java/JavaVirtualMachines/temurin-8.jdk/Contents/Home/jre/lib/management-agent.jar:/Library/Java/JavaVirtualMachines/temurin-8.jdk/Contents/Home/jre/lib/resources.jar:/Library/Java/JavaVirtualMachines/temurin-8.jdk/Contents/Home/jre/lib/rt.jar:/Library/Java/JavaVirtualMachines/temurin-8.jdk/Contents/Home/lib/dt.jar:/Library/Java/JavaVirtualMachines/temurin-8.jdk/Contents/Home/lib/jconsole.jar:/Library/Java/JavaVirtualMachines/temurin-8.jdk/Contents/Home/lib/sa-jdi.jar:/Library/Java/JavaVirtualMachines/temurin-8.jdk/Contents/Home/lib/tools.jar:/Volumes/RoyalData/IntellisenseProjects/out/production/OpenGLGame:/Volumes/RoyalData/IntellisenseProjects/libs/lwjgl.jar:/Volumes/RoyalData/IntellisenseProjects/libs/lwjgl-egl.jar:/Volumes/RoyalData/IntellisenseProjects/libs/lwjgl-lz4.jar:/Volumes/RoyalData/IntellisenseProjects/libs/lwjgl-nfd.jar:/Volumes/RoyalDa
Launcher Type: SUN_STANDARD

Environment Variables:
PATH=/usr/local/bin:/usr/bin:/bin:/usr/sbin:/sbin
SHELL=/bin/bash

Signal Handlers:
SIGSEGV: [libjvm.dylib+0x598933], sa_mask[0]=11111111011111110111111111111111, sa_flags=SA_ONSTACK|SA_RESTART|SA_SIGINFO
SIGBUS: [libjvm.dylib+0x598933], sa_mask[0]=11111111011111110111111111111111, sa_flags=SA_RESTART|SA_SIGINFO
SIGFPE: [libjvm.dylib+0x48cbf3], sa_mask[0]=11111111011111110111111111111111, sa_flags=SA_RESTART|SA_SIGINFO
SIGPIPE: [libjvm.dylib+0x48cbf3], sa_mask[0]=11111111011111110111111111111111, sa_flags=SA_RESTART|SA_SIGINFO
SIGXFSZ: [libjvm.dylib+0x48cbf3], sa_mask[0]=11111111011111110111111111111111, sa_flags=SA_RESTART|SA_SIGINFO
SIGILL: [libjvm.dylib+0x48cbf3], sa_mask[0]=11111111011111110111111111111111, sa_flags=SA_RESTART|SA_SIGINFO
SIGUSR1: SIG_DFL, sa_mask[0]=00000000000000000000000000000000, sa_flags=none
SIGUSR2: [libjvm.dylib+0x48d4ea], sa_mask[0]=00100000000000000000000000000000, sa_flags=SA_RESTART|SA_SIGINFO
SIGHUP: [libjvm.dylib+0x48b6e9], sa_mask[0]=11111111011111110111111111111111, sa_flags=SA_RESTART|SA_SIGINFO
SIGINT: [libjvm.dylib+0x48b6e9], sa_mask[0]=11111111011111110111111111111111, sa_flags=SA_RESTART|SA_SIGINFO
SIGTERM: [libjvm.dylib+0x48b6e9], sa_mask[0]=11111111011111110111111111111111, sa_flags=SA_RESTART|SA_SIGINFO
SIGQUIT: [libjvm.dylib+0x48b6e9], sa_mask[0]=11111111011111110111111111111111, sa_flags=SA_RESTART|SA_SIGINFO


---------------  S Y S T E M  ---------------

OS:Bsduname:Darwin 20.3.0 Darwin Kernel Version 20.3.0: Thu Jan 21 00:07:06 PST 2021; root:xnu-7195.81.3~1/RELEASE_X86_64 x86_64
rlimit: STACK 8192k, CORE 0k, NPROC 2784, NOFILE 10240, AS infinity
load average:3.71 3.25 2.96

CPU:total 8 (initial active 8) (4 cores per cpu, 2 threads per core) family 6 model 70 stepping 1, cmov, cx8, fxsr, mmx, sse, sse2, sse3, ssse3, sse4.1, sse4.2, popcnt, avx, avx2, aes, clmul, erms, lzcnt, ht, tsc, tscinvbit, bmi1, bmi2

Memory: 4k page, physical 16777216k(24824k free)

/proc/meminfo:


vm_info: OpenJDK 64-Bit Server VM (25.302-b08) for bsd-amd64 JRE (1.8.0_302-b08), built on Jul 21 2021 11:32:28 by "jenkins" with gcc 4.2.1 Compatible Apple LLVM 10.0.1 (clang-1001.0.46.4)

time: Sun Sep  5 00:09:12 2021
timezone: CEST
elapsed time: 9.822975 seconds (0d 0h 0m 9s)

